Copyright 1986-2022 Xilinx, Inc. All Rights Reserved.
------------------------------------------------------------------------------------
| Tool Version : Vivado v.2022.1 (lin64) Build 3526262 Mon Apr 18 15:47:01 MDT 2022
| Date         : Mon Oct 17 18:02:50 2022
| Host         : EECS-DIGITAL-14 running 64-bit Ubuntu 20.04.5 LTS
| Command      : report_timing_summary -file obj/post_route_timing_summary.rpt
| Design       : top_level
| Device       : 7a100t-csg324
| Speed File   : -1  PRODUCTION 1.23 2018-06-13
------------------------------------------------------------------------------------

Timing Summary Report

------------------------------------------------------------------------------------------------
| Timer Settings
| --------------
------------------------------------------------------------------------------------------------

  Enable Multi Corner Analysis               :  Yes
  Enable Pessimism Removal                   :  Yes
  Pessimism Removal Resolution               :  Nearest Common Node
  Enable Input Delay Default Clock           :  No
  Enable Preset / Clear Arcs                 :  No
  Disable Flight Delays                      :  No
  Ignore I/O Paths                           :  No
  Timing Early Launch at Borrowing Latches   :  No
  Borrow Time for Max Delay Exceptions       :  Yes
  Merge Timing Exceptions                    :  Yes

  Corner  Analyze    Analyze    
  Name    Max Paths  Min Paths  
  ------  ---------  ---------  
  Slow    Yes        Yes        
  Fast    Yes        Yes        


------------------------------------------------------------------------------------------------
| Report Methodology
| ------------------
------------------------------------------------------------------------------------------------

No report available as report_methodology has not been run prior. Run report_methodology on the current design for the summary of methodology violations.



check_timing report

Table of Contents
-----------------
1. checking no_clock (20)
2. checking constant_clock (0)
3. checking pulse_width_clock (0)
4. checking unconstrained_internal_endpoints (36)
5. checking no_input_delay (28)
6. checking no_output_delay (31)
7. checking multiple_clock (0)
8. checking generated_clocks (0)
9. checking loops (0)
10. checking partial_input_delay (0)
11. checking partial_output_delay (0)
12. checking latch_loops (0)

1. checking no_clock (20)
-------------------------
 There are 20 register/latch pins with no clock driven by root clock pin: cam_clk_in_reg/Q (HIGH)


2. checking constant_clock (0)
------------------------------
 There are 0 register/latch pins with constant_clock.


3. checking pulse_width_clock (0)
---------------------------------
 There are 0 register/latch pins which need pulse_width check


4. checking unconstrained_internal_endpoints (36)
-------------------------------------------------
 There are 36 pins that are not constrained for maximum delay. (HIGH)

 There are 0 pins that are not constrained for maximum delay due to constant clock.


5. checking no_input_delay (28)
-------------------------------
 There are 28 input ports with no input delay specified. (HIGH)

 There are 0 input ports with no input delay but user has a false path constraint.


6. checking no_output_delay (31)
--------------------------------
 There are 31 ports with no output delay specified. (HIGH)

 There are 0 ports with no output delay but user has a false path constraint

 There are 0 ports with no output delay but with a timing clock defined on it or propagating through it


7. checking multiple_clock (0)
------------------------------
 There are 0 register/latch pins with multiple clocks.


8. checking generated_clocks (0)
--------------------------------
 There are 0 generated clocks that are not connected to a clock source.


9. checking loops (0)
---------------------
 There are 0 combinational loops in the design.


10. checking partial_input_delay (0)
------------------------------------
 There are 0 input ports with partial input delay specified.


11. checking partial_output_delay (0)
-------------------------------------
 There are 0 ports with partial output delay specified.


12. checking latch_loops (0)
----------------------------
 There are 0 combinational latch loops in the design through latch input



------------------------------------------------------------------------------------------------
| Design Timing Summary
| ---------------------
------------------------------------------------------------------------------------------------

    WNS(ns)      TNS(ns)  TNS Failing Endpoints  TNS Total Endpoints      WHS(ns)      THS(ns)  THS Failing Endpoints  THS Total Endpoints     WPWS(ns)     TPWS(ns)  TPWS Failing Endpoints  TPWS Total Endpoints  
    -------      -------  ---------------------  -------------------      -------      -------  ---------------------  -------------------     --------     --------  ----------------------  --------------------  
      1.965        0.000                      0                 7399        0.029        0.000                      0                 7399        3.000        0.000                       0                  2702  


All user specified timing constraints are met.


------------------------------------------------------------------------------------------------
| Clock Summary
| -------------
------------------------------------------------------------------------------------------------

Clock                 Waveform(ns)       Period(ns)      Frequency(MHz)
-----                 ------------       ----------      --------------
sys_clk_pin           {0.000 5.000}      10.000          100.000         
  clk_out1_clk_wiz_0  {0.000 7.692}      15.385          65.000          
  clkfbout_clk_wiz_0  {0.000 25.000}     50.000          20.000          


------------------------------------------------------------------------------------------------
| Intra Clock Table
| -----------------
------------------------------------------------------------------------------------------------

Clock                     WNS(ns)      TNS(ns)  TNS Failing Endpoints  TNS Total Endpoints      WHS(ns)      THS(ns)  THS Failing Endpoints  THS Total Endpoints     WPWS(ns)     TPWS(ns)  TPWS Failing Endpoints  TPWS Total Endpoints  
-----                     -------      -------  ---------------------  -------------------      -------      -------  ---------------------  -------------------     --------     --------  ----------------------  --------------------  
sys_clk_pin                                                                                                                                                             3.000        0.000                       0                     1  
  clk_out1_clk_wiz_0        1.965        0.000                      0                 7399        0.029        0.000                      0                 7399        6.712        0.000                       0                  2698  
  clkfbout_clk_wiz_0                                                                                                                                                   47.845        0.000                       0                     3  


------------------------------------------------------------------------------------------------
| Inter Clock Table
| -----------------
------------------------------------------------------------------------------------------------

From Clock    To Clock          WNS(ns)      TNS(ns)  TNS Failing Endpoints  TNS Total Endpoints      WHS(ns)      THS(ns)  THS Failing Endpoints  THS Total Endpoints  
----------    --------          -------      -------  ---------------------  -------------------      -------      -------  ---------------------  -------------------  


------------------------------------------------------------------------------------------------
| Other Path Groups Table
| -----------------------
------------------------------------------------------------------------------------------------

Path Group    From Clock    To Clock          WNS(ns)      TNS(ns)  TNS Failing Endpoints  TNS Total Endpoints      WHS(ns)      THS(ns)  THS Failing Endpoints  THS Total Endpoints  
----------    ----------    --------          -------      -------  ---------------------  -------------------      -------      -------  ---------------------  -------------------  


------------------------------------------------------------------------------------------------
| Timing Details
| --------------
------------------------------------------------------------------------------------------------


---------------------------------------------------------------------------------------------------
From Clock:  sys_clk_pin
  To Clock:  sys_clk_pin

Setup :           NA  Failing Endpoints,  Worst Slack           NA  ,  Total Violation           NA
Hold  :           NA  Failing Endpoints,  Worst Slack           NA  ,  Total Violation           NA
PW    :            0  Failing Endpoints,  Worst Slack        3.000ns,  Total Violation        0.000ns
---------------------------------------------------------------------------------------------------


Pulse Width Checks
--------------------------------------------------------------------------------------
Clock Name:         sys_clk_pin
Waveform(ns):       { 0.000 5.000 }
Period(ns):         10.000
Sources:            { clk_100mhz }

Check Type        Corner  Lib Pin            Reference Pin  Required(ns)  Actual(ns)  Slack(ns)  Location         Pin
Min Period        n/a     MMCME2_ADV/CLKIN1  n/a            1.249         10.000      8.751      MMCME2_ADV_X1Y2  clk_gen/mmcm_adv_inst/CLKIN1
Max Period        n/a     MMCME2_ADV/CLKIN1  n/a            100.000       10.000      90.000     MMCME2_ADV_X1Y2  clk_gen/mmcm_adv_inst/CLKIN1
Low Pulse Width   Slow    MMCME2_ADV/CLKIN1  n/a            2.000         5.000       3.000      MMCME2_ADV_X1Y2  clk_gen/mmcm_adv_inst/CLKIN1
High Pulse Width  Slow    MMCME2_ADV/CLKIN1  n/a            2.000         5.000       3.000      MMCME2_ADV_X1Y2  clk_gen/mmcm_adv_inst/CLKIN1



---------------------------------------------------------------------------------------------------
From Clock:  clk_out1_clk_wiz_0
  To Clock:  clk_out1_clk_wiz_0

Setup :            0  Failing Endpoints,  Worst Slack        1.965ns,  Total Violation        0.000ns
Hold  :            0  Failing Endpoints,  Worst Slack        0.029ns,  Total Violation        0.000ns
PW    :            0  Failing Endpoints,  Worst Slack        6.712ns,  Total Violation        0.000ns
---------------------------------------------------------------------------------------------------


Max Delay Paths
--------------------------------------------------------------------------------------
Slack (MET) :             1.965ns  (required time - arrival time)
  Source:                 genblk1[3].filterm/mconv/total_g0__12/C
                            (rising edge-triggered cell FDRE clocked by clk_out1_clk_wiz_0  {rise@0.000ns fall@7.692ns period=15.385ns})
  Destination:            genblk1[3].filterm/mconv/total_g_reg[15]/D
                            (rising edge-triggered cell FDRE clocked by clk_out1_clk_wiz_0  {rise@0.000ns fall@7.692ns period=15.385ns})
  Path Group:             clk_out1_clk_wiz_0
  Path Type:              Setup (Max at Slow Process Corner)
  Requirement:            15.385ns  (clk_out1_clk_wiz_0 rise@15.385ns - clk_out1_clk_wiz_0 rise@0.000ns)
  Data Path Delay:        13.313ns  (logic 7.498ns (56.322%)  route 5.815ns (43.678%))
  Logic Levels:           18  (CARRY4=12 LUT4=5 LUT5=1)
  Clock Path Skew:        -0.038ns (DCD - SCD + CPR)
    Destination Clock Delay (DCD):    -1.505ns = ( 13.879 - 15.385 ) 
    Source Clock Delay      (SCD):    -0.908ns
    Clock Pessimism Removal (CPR):    0.559ns
  Clock Uncertainty:      0.130ns  ((TSJ^2 + DJ^2)^1/2) / 2 + PE
    Total System Jitter     (TSJ):    0.071ns
    Discrete Jitter          (DJ):    0.251ns
    Phase Error              (PE):    0.000ns

    Location             Delay type                Incr(ns)  Path(ns)    Netlist Resource(s)
  -------------------------------------------------------------------    -------------------
                         (clock clk_out1_clk_wiz_0 rise edge)
                                                      0.000     0.000 r  
    E3                                                0.000     0.000 r  clk_100mhz (IN)
                         net (fo=0)                   0.000     0.000    clk_gen/clk_100mhz
    E3                   IBUF (Prop_ibuf_I_O)         1.482     1.482 r  clk_gen/clkin1_ibufg/O
                         net (fo=1, routed)           1.233     2.715    clk_gen/clk_in1_clk_wiz_0
    MMCME2_ADV_X1Y2      MMCME2_ADV (Prop_mmcme2_adv_CLKIN1_CLKOUT0)
                                                     -7.070    -4.355 r  clk_gen/mmcm_adv_inst/CLKOUT0
                         net (fo=1, routed)           1.719    -2.636    clk_gen/clk_out1_clk_wiz_0
    BUFGCTRL_X0Y16       BUFG (Prop_bufg_I_O)         0.096    -2.540 r  clk_gen/clkout1_buf/O
                         net (fo=2697, routed)        1.632    -0.908    genblk1[3].filterm/mconv/clk_out1
    SLICE_X50Y53         FDRE                                         r  genblk1[3].filterm/mconv/total_g0__12/C
  -------------------------------------------------------------------    -------------------
    SLICE_X50Y53         FDRE (Prop_fdre_C_Q)         0.518    -0.390 r  genblk1[3].filterm/mconv/total_g0__12/Q
                         net (fo=8, routed)           0.718     0.328    genblk1[3].filterm/mconv/total_g0__12_n_0
    SLICE_X51Y53         LUT4 (Prop_lut4_I0_O)        0.150     0.478 r  genblk1[3].filterm/mconv/total_g[3]_i_33/O
                         net (fo=2, routed)           0.475     0.952    genblk1[3].filterm/mconv/total_g[3]_i_33_n_0
    SLICE_X50Y53         LUT5 (Prop_lut5_I0_O)        0.326     1.278 r  genblk1[3].filterm/mconv/total_g[3]_i_37/O
                         net (fo=1, routed)           0.000     1.278    genblk1[3].filterm/mconv/total_g[3]_i_37_n_0
    SLICE_X50Y53         CARRY4 (Prop_carry4_S[2]_CO[3])
                                                      0.380     1.658 r  genblk1[3].filterm/mconv/total_g_reg[3]_i_27/CO[3]
                         net (fo=1, routed)           0.000     1.658    genblk1[3].filterm/mconv/total_g_reg[3]_i_27_n_0
    SLICE_X50Y54         CARRY4 (Prop_carry4_CI_O[1])
                                                      0.323     1.981 r  genblk1[3].filterm/mconv/total_g_reg[11]_i_33/O[1]
                         net (fo=2, routed)           0.602     2.583    genblk1[3].filterm/mconv/total_g_reg[11]_i_33_n_6
    SLICE_X48Y54         LUT4 (Prop_lut4_I3_O)        0.306     2.889 r  genblk1[3].filterm/mconv/total_g[11]_i_36__0/O
                         net (fo=1, routed)           0.000     2.889    genblk1[3].filterm/mconv/total_g[11]_i_36__0_n_0
    SLICE_X48Y54         CARRY4 (Prop_carry4_S[1]_O[2])
                                                      0.580     3.469 r  genblk1[3].filterm/mconv/total_g_reg[11]_i_27/O[2]
                         net (fo=2, routed)           0.686     4.155    genblk1[3].filterm/mconv/total_g_reg[11]_i_27_n_5
    SLICE_X47Y55         CARRY4 (Prop_carry4_DI[2]_O[3])
                                                      0.616     4.771 r  genblk1[3].filterm/mconv/total_g_reg[11]_i_21__0/O[3]
                         net (fo=2, routed)           0.807     5.578    genblk1[3].filterm/mconv/total_g_reg[11]_i_21__0_n_4
    SLICE_X45Y56         CARRY4 (Prop_carry4_DI[3]_CO[3])
                                                      0.567     6.145 r  genblk1[3].filterm/mconv/total_g_reg[11]_i_16/CO[3]
                         net (fo=1, routed)           0.000     6.145    genblk1[3].filterm/mconv/total_g_reg[11]_i_16_n_0
    SLICE_X45Y57         CARRY4 (Prop_carry4_CI_O[1])
                                                      0.334     6.479 r  genblk1[3].filterm/mconv/total_g_reg[15]_i_25/O[1]
                         net (fo=2, routed)           0.653     7.132    genblk1[3].filterm/mconv/total_g_reg[15]_i_25_n_6
    SLICE_X44Y57         LUT4 (Prop_lut4_I3_O)        0.303     7.435 r  genblk1[3].filterm/mconv/total_g[15]_i_28__1/O
                         net (fo=1, routed)           0.000     7.435    genblk1[3].filterm/mconv/total_g[15]_i_28__1_n_0
    SLICE_X44Y57         CARRY4 (Prop_carry4_S[1]_O[1])
                                                      0.227     7.662 r  genblk1[3].filterm/mconv/total_g_reg[15]_i_17/O[1]
                         net (fo=1, routed)           0.760     8.423    genblk1[3].filterm/mconv/total_g_reg[15]_i_17_n_6
    SLICE_X46Y54         CARRY4 (Prop_carry4_S[3]_CO[3])
                                                      0.679     9.102 r  genblk1[3].filterm/mconv/total_g_reg[11]_i_7__0/CO[3]
                         net (fo=1, routed)           0.000     9.102    genblk1[3].filterm/mconv/total_g_reg[11]_i_7__0_n_0
    SLICE_X46Y55         CARRY4 (Prop_carry4_CI_O[0])
                                                      0.219     9.321 r  genblk1[3].filterm/mconv/total_g_reg[15]_i_9__0/O[0]
                         net (fo=2, routed)           0.748    10.068    genblk1[3].filterm/mconv/total_g_reg[15]_i_9__0_n_7
    SLICE_X45Y53         LUT4 (Prop_lut4_I3_O)        0.295    10.363 r  genblk1[3].filterm/mconv/total_g[11]_i_9__2/O
                         net (fo=1, routed)           0.000    10.363    genblk1[3].filterm/mconv/total_g[11]_i_9__2_n_0
    SLICE_X45Y53         CARRY4 (Prop_carry4_S[2]_CO[3])
                                                      0.398    10.761 r  genblk1[3].filterm/mconv/total_g_reg[11]_i_2__0/CO[3]
                         net (fo=1, routed)           0.000    10.761    genblk1[3].filterm/mconv/total_g_reg[11]_i_2__0_n_0
    SLICE_X45Y54         CARRY4 (Prop_carry4_CI_O[1])
                                                      0.334    11.095 r  genblk1[3].filterm/mconv/total_g_reg[15]_i_3__0/O[1]
                         net (fo=2, routed)           0.367    11.462    genblk1[3].filterm/mconv/total_g_reg[15]_i_3__0_n_6
    SLICE_X44Y54         LUT4 (Prop_lut4_I3_O)        0.303    11.765 r  genblk1[3].filterm/mconv/total_g[15]_i_6__1/O
                         net (fo=1, routed)           0.000    11.765    genblk1[3].filterm/mconv/total_g[15]_i_6__1_n_0
    SLICE_X44Y54         CARRY4 (Prop_carry4_S[1]_O[3])
                                                      0.640    12.405 r  genblk1[3].filterm/mconv/total_g_reg[15]_i_1__0/O[3]
                         net (fo=1, routed)           0.000    12.405    genblk1[3].filterm/mconv/total_g0[15]
    SLICE_X44Y54         FDRE                                         r  genblk1[3].filterm/mconv/total_g_reg[15]/D
  -------------------------------------------------------------------    -------------------

                         (clock clk_out1_clk_wiz_0 rise edge)
                                                     15.385    15.385 r  
    E3                                                0.000    15.385 r  clk_100mhz (IN)
                         net (fo=0)                   0.000    15.385    clk_gen/clk_100mhz
    E3                   IBUF (Prop_ibuf_I_O)         1.411    16.796 r  clk_gen/clkin1_ibufg/O
                         net (fo=1, routed)           1.162    17.958    clk_gen/clk_in1_clk_wiz_0
    MMCME2_ADV_X1Y2      MMCME2_ADV (Prop_mmcme2_adv_CLKIN1_CLKOUT0)
                                                     -7.324    10.634 r  clk_gen/mmcm_adv_inst/CLKOUT0
                         net (fo=1, routed)           1.639    12.273    clk_gen/clk_out1_clk_wiz_0
    BUFGCTRL_X0Y16       BUFG (Prop_bufg_I_O)         0.091    12.364 r  clk_gen/clkout1_buf/O
                         net (fo=2697, routed)        1.515    13.879    genblk1[3].filterm/mconv/clk_out1
    SLICE_X44Y54         FDRE                                         r  genblk1[3].filterm/mconv/total_g_reg[15]/C
                         clock pessimism              0.559    14.439    
                         clock uncertainty           -0.130    14.309    
    SLICE_X44Y54         FDRE (Setup_fdre_C_D)        0.062    14.371    genblk1[3].filterm/mconv/total_g_reg[15]
  -------------------------------------------------------------------
                         required time                         14.371    
                         arrival time                         -12.405    
  -------------------------------------------------------------------
                         slack                                  1.965    





Min Delay Paths
--------------------------------------------------------------------------------------
Slack (MET) :             0.029ns  (arrival time - required time)
  Source:                 genblk1[3].filterm/mbuff/line_buffer_out_reg[0][10]/C
                            (rising edge-triggered cell FDRE clocked by clk_out1_clk_wiz_0  {rise@0.000ns fall@7.692ns period=15.385ns})
  Destination:            genblk1[3].filterm/mconv/total_g4[-1111111106]/D
                            (rising edge-triggered cell FDRE clocked by clk_out1_clk_wiz_0  {rise@0.000ns fall@7.692ns period=15.385ns})
  Path Group:             clk_out1_clk_wiz_0
  Path Type:              Hold (Min at Fast Process Corner)
  Requirement:            0.000ns  (clk_out1_clk_wiz_0 rise@0.000ns - clk_out1_clk_wiz_0 rise@0.000ns)
  Data Path Delay:        0.364ns  (logic 0.141ns (38.703%)  route 0.223ns (61.297%))
  Logic Levels:           0  
  Clock Path Skew:        0.265ns (DCD - SCD - CPR)
    Destination Clock Delay (DCD):    -0.838ns
    Source Clock Delay      (SCD):    -0.599ns
    Clock Pessimism Removal (CPR):    -0.504ns

    Location             Delay type                Incr(ns)  Path(ns)    Netlist Resource(s)
  -------------------------------------------------------------------    -------------------
                         (clock clk_out1_clk_wiz_0 rise edge)
                                                      0.000     0.000 r  
    E3                                                0.000     0.000 r  clk_100mhz (IN)
                         net (fo=0)                   0.000     0.000    clk_gen/clk_100mhz
    E3                   IBUF (Prop_ibuf_I_O)         0.250     0.250 r  clk_gen/clkin1_ibufg/O
                         net (fo=1, routed)           0.440     0.690    clk_gen/clk_in1_clk_wiz_0
    MMCME2_ADV_X1Y2      MMCME2_ADV (Prop_mmcme2_adv_CLKIN1_CLKOUT0)
                                                     -2.379    -1.689 r  clk_gen/mmcm_adv_inst/CLKOUT0
                         net (fo=1, routed)           0.499    -1.190    clk_gen/clk_out1_clk_wiz_0
    BUFGCTRL_X0Y16       BUFG (Prop_bufg_I_O)         0.026    -1.164 r  clk_gen/clkout1_buf/O
                         net (fo=2697, routed)        0.565    -0.599    genblk1[3].filterm/mbuff/clk_out1
    SLICE_X57Y55         FDRE                                         r  genblk1[3].filterm/mbuff/line_buffer_out_reg[0][10]/C
  -------------------------------------------------------------------    -------------------
    SLICE_X57Y55         FDRE (Prop_fdre_C_Q)         0.141    -0.458 r  genblk1[3].filterm/mbuff/line_buffer_out_reg[0][10]/Q
                         net (fo=1, routed)           0.223    -0.235    genblk1[3].filterm/mconv/total_r4[-1111111107]_0[10]
    SLICE_X51Y55         FDRE                                         r  genblk1[3].filterm/mconv/total_g4[-1111111106]/D
  -------------------------------------------------------------------    -------------------

                         (clock clk_out1_clk_wiz_0 rise edge)
                                                      0.000     0.000 r  
    E3                                                0.000     0.000 r  clk_100mhz (IN)
                         net (fo=0)                   0.000     0.000    clk_gen/clk_100mhz
    E3                   IBUF (Prop_ibuf_I_O)         0.438     0.438 r  clk_gen/clkin1_ibufg/O
                         net (fo=1, routed)           0.480     0.918    clk_gen/clk_in1_clk_wiz_0
    MMCME2_ADV_X1Y2      MMCME2_ADV (Prop_mmcme2_adv_CLKIN1_CLKOUT0)
                                                     -3.163    -2.245 r  clk_gen/mmcm_adv_inst/CLKOUT0
                         net (fo=1, routed)           0.544    -1.702    clk_gen/clk_out1_clk_wiz_0
    BUFGCTRL_X0Y16       BUFG (Prop_bufg_I_O)         0.029    -1.673 r  clk_gen/clkout1_buf/O
                         net (fo=2697, routed)        0.835    -0.838    genblk1[3].filterm/mconv/clk_out1
    SLICE_X51Y55         FDRE                                         r  genblk1[3].filterm/mconv/total_g4[-1111111106]/C
                         clock pessimism              0.504    -0.334    
    SLICE_X51Y55         FDRE (Hold_fdre_C_D)         0.070    -0.264    genblk1[3].filterm/mconv/total_g4[-1111111106]
  -------------------------------------------------------------------
                         required time                          0.264    
                         arrival time                          -0.235    
  -------------------------------------------------------------------
                         slack                                  0.029    





Pulse Width Checks
--------------------------------------------------------------------------------------
Clock Name:         clk_out1_clk_wiz_0
Waveform(ns):       { 0.000 7.692 }
Period(ns):         15.385
Sources:            { clk_gen/mmcm_adv_inst/CLKOUT0 }

Check Type        Corner  Lib Pin             Reference Pin  Required(ns)  Actual(ns)  Slack(ns)  Location         Pin
Min Period        n/a     DSP48E1/CLK         n/a            3.884         15.385      11.501     DSP48_X2Y28      mirror_m/pixel_addr_out_reg/CLK
Max Period        n/a     MMCME2_ADV/CLKOUT0  n/a            213.360       15.385      197.975    MMCME2_ADV_X1Y2  clk_gen/mmcm_adv_inst/CLKOUT0
Low Pulse Width   Slow    SRL16E/CLK          n/a            0.980         7.692       6.712      SLICE_X70Y61     blank_pipe_reg[5]_srl7/CLK
High Pulse Width  Slow    SRL16E/CLK          n/a            0.980         7.692       6.712      SLICE_X70Y61     blank_pipe_reg[5]_srl7/CLK



---------------------------------------------------------------------------------------------------
From Clock:  clkfbout_clk_wiz_0
  To Clock:  clkfbout_clk_wiz_0

Setup :           NA  Failing Endpoints,  Worst Slack           NA  ,  Total Violation           NA
Hold  :           NA  Failing Endpoints,  Worst Slack           NA  ,  Total Violation           NA
PW    :            0  Failing Endpoints,  Worst Slack       47.845ns,  Total Violation        0.000ns
---------------------------------------------------------------------------------------------------


Pulse Width Checks
--------------------------------------------------------------------------------------
Clock Name:         clkfbout_clk_wiz_0
Waveform(ns):       { 0.000 25.000 }
Period(ns):         50.000
Sources:            { clk_gen/mmcm_adv_inst/CLKFBOUT }

Check Type  Corner  Lib Pin             Reference Pin  Required(ns)  Actual(ns)  Slack(ns)  Location         Pin
Min Period  n/a     BUFG/I              n/a            2.155         50.000      47.845     BUFGCTRL_X0Y17   clk_gen/clkf_buf/I
Max Period  n/a     MMCME2_ADV/CLKFBIN  n/a            100.000       50.000      50.000     MMCME2_ADV_X1Y2  clk_gen/mmcm_adv_inst/CLKFBIN



